<?xml version="1.0" encoding="UTF-8"?>
<coverage generated="1633894088908" clover="3.2.0">
  <project timestamp="1633894088908" name="All files">
    <metrics statements="193" coveredstatements="167" conditionals="198" coveredconditionals="161" methods="28" coveredmethods="22" elements="419" coveredelements="350" complexity="0" loc="193" ncloc="193" packages="1" files="1" classes="1"/>
    <file name="schema.js" path="/Users/matatjahu/Documents/AsyncAPI/markdown-template/helpers/schema.js">
      <metrics statements="193" coveredstatements="167" conditionals="198" coveredconditionals="161" methods="28" coveredmethods="22"/>
      <line num="3" count="1" type="stmt"/>
      <line num="6" count="1" type="stmt"/>
      <line num="8" count="1" type="stmt"/>
      <line num="10" count="1" type="cond" truecount="3" falsecount="1"/>
      <line num="12" count="1" type="stmt"/>
      <line num="22" count="1" type="stmt"/>
      <line num="25" count="1" type="stmt"/>
      <line num="26" count="1" type="stmt"/>
      <line num="56" count="1" type="stmt"/>
      <line num="57" count="1" type="stmt"/>
      <line num="58" count="1" type="stmt"/>
      <line num="59" count="1" type="stmt"/>
      <line num="62" count="36" type="cond" truecount="4" falsecount="0"/>
      <line num="63" count="2" type="stmt"/>
      <line num="66" count="34" type="cond" truecount="2" falsecount="0"/>
      <line num="67" count="2" type="cond" truecount="2" falsecount="0"/>
      <line num="68" count="1" type="stmt"/>
      <line num="70" count="1" type="stmt"/>
      <line num="75" count="32" type="cond" truecount="2" falsecount="0"/>
      <line num="76" count="5" type="stmt"/>
      <line num="80" count="27" type="stmt"/>
      <line num="82" count="27" type="cond" truecount="4" falsecount="0"/>
      <line num="83" count="2" type="stmt"/>
      <line num="86" count="25" type="stmt"/>
      <line num="88" count="25" type="cond" truecount="2" falsecount="0"/>
      <line num="89" count="8" type="stmt"/>
      <line num="92" count="22" type="stmt"/>
      <line num="93" count="22" type="stmt"/>
      <line num="95" count="22" type="cond" truecount="4" falsecount="0"/>
      <line num="96" count="1" type="stmt"/>
      <line num="99" count="21" type="cond" truecount="2" falsecount="0"/>
      <line num="100" count="1" type="stmt"/>
      <line num="103" count="20" type="stmt"/>
      <line num="107" count="30" type="cond" truecount="2" falsecount="0"/>
      <line num="108" count="6" type="stmt"/>
      <line num="110" count="6" type="cond" truecount="2" falsecount="0"/>
      <line num="111" count="12" type="stmt"/>
      <line num="112" count="4" type="stmt"/>
      <line num="114" count="4" type="cond" truecount="4" falsecount="0"/>
      <line num="115" count="3" type="cond" truecount="4" falsecount="0"/>
      <line num="116" count="3" type="cond" truecount="1" falsecount="1"/>
      <line num="119" count="1" type="cond" truecount="1" falsecount="1"/>
      <line num="122" count="2" type="cond" truecount="2" falsecount="0"/>
      <line num="123" count="1" type="stmt"/>
      <line num="126" count="1" type="cond" truecount="1" falsecount="1"/>
      <line num="129" count="24" type="stmt"/>
      <line num="133" count="26" type="stmt"/>
      <line num="135" count="26" type="cond" truecount="2" falsecount="0"/>
      <line num="136" count="3" type="stmt"/>
      <line num="139" count="23" type="cond" truecount="1" falsecount="1"/>
      <line num="140" count="0" type="stmt"/>
      <line num="143" count="23" type="cond" truecount="1" falsecount="1"/>
      <line num="144" count="0" type="stmt"/>
      <line num="147" count="23" type="stmt"/>
      <line num="151" count="27" type="stmt"/>
      <line num="153" count="27" type="cond" truecount="2" falsecount="0"/>
      <line num="154" count="20" type="cond" truecount="2" falsecount="0"/>
      <line num="156" count="3" type="cond" truecount="4" falsecount="0"/>
      <line num="157" count="2" type="stmt"/>
      <line num="160" count="3" type="cond" truecount="2" falsecount="0"/>
      <line num="163" count="17" type="stmt"/>
      <line num="166" count="7" type="stmt"/>
      <line num="168" count="7" type="cond" truecount="2" falsecount="0"/>
      <line num="169" count="1" type="stmt"/>
      <line num="171" count="1" type="cond" truecount="2" falsecount="2"/>
      <line num="172" count="0" type="stmt"/>
      <line num="175" count="1" type="stmt"/>
      <line num="178" count="6" type="stmt"/>
      <line num="180" count="6" type="cond" truecount="4" falsecount="0"/>
      <line num="181" count="1" type="stmt"/>
      <line num="182" count="3" type="stmt"/>
      <line num="184" count="3" type="cond" truecount="3" falsecount="1"/>
      <line num="185" count="0" type="stmt"/>
      <line num="188" count="3" type="stmt"/>
      <line num="190" count="1" type="cond" truecount="1" falsecount="1"/>
      <line num="193" count="5" type="cond" truecount="2" falsecount="2"/>
      <line num="194" count="99" type="stmt"/>
      <line num="196" count="5" type="cond" truecount="2" falsecount="0"/>
      <line num="197" count="1" type="stmt"/>
      <line num="200" count="4" type="cond" truecount="2" falsecount="0"/>
      <line num="201" count="1" type="stmt"/>
      <line num="204" count="3" type="stmt"/>
      <line num="208" count="5" type="stmt"/>
      <line num="210" count="5" type="cond" truecount="2" falsecount="0"/>
      <line num="211" count="1" type="stmt"/>
      <line num="214" count="4" type="cond" truecount="5" falsecount="0"/>
      <line num="215" count="2" type="stmt"/>
      <line num="218" count="2" type="cond" truecount="2" falsecount="0"/>
      <line num="219" count="1" type="stmt"/>
      <line num="222" count="1" type="stmt"/>
      <line num="226" count="1" type="cond" truecount="3" falsecount="1"/>
      <line num="227" count="0" type="stmt"/>
      <line num="230" count="1" type="stmt"/>
      <line num="233" count="2" type="stmt"/>
      <line num="234" count="2" type="cond" truecount="2" falsecount="0"/>
      <line num="235" count="2" type="stmt"/>
      <line num="241" count="1" type="stmt"/>
      <line num="245" count="19" type="stmt"/>
      <line num="247" count="19" type="stmt"/>
      <line num="249" count="19" type="cond" truecount="2" falsecount="0"/>
      <line num="250" count="6" type="stmt"/>
      <line num="253" count="19" type="stmt"/>
      <line num="255" count="19" type="cond" truecount="2" falsecount="0"/>
      <line num="256" count="3" type="stmt"/>
      <line num="260" count="19" type="stmt"/>
      <line num="262" count="19" type="cond" truecount="2" falsecount="0"/>
      <line num="263" count="3" type="stmt"/>
      <line num="267" count="19" type="stmt"/>
      <line num="268" count="19" type="cond" truecount="2" falsecount="0"/>
      <line num="270" count="19" type="cond" truecount="2" falsecount="0"/>
      <line num="271" count="4" type="stmt"/>
      <line num="275" count="19" type="stmt"/>
      <line num="277" count="19" type="cond" truecount="2" falsecount="0"/>
      <line num="278" count="3" type="stmt"/>
      <line num="281" count="19" type="stmt"/>
      <line num="285" count="19" type="stmt"/>
      <line num="286" count="19" type="cond" truecount="2" falsecount="0"/>
      <line num="287" count="19" type="stmt"/>
      <line num="288" count="19" type="cond" truecount="2" falsecount="0"/>
      <line num="291" count="19" type="cond" truecount="4" falsecount="0"/>
      <line num="292" count="2" type="cond" truecount="1" falsecount="1"/>
      <line num="293" count="2" type="cond" truecount="1" falsecount="1"/>
      <line num="294" count="2" type="stmt"/>
      <line num="295" count="2" type="cond" truecount="2" falsecount="0"/>
      <line num="296" count="2" type="cond" truecount="2" falsecount="0"/>
      <line num="297" count="17" type="cond" truecount="2" falsecount="0"/>
      <line num="298" count="2" type="cond" truecount="2" falsecount="0"/>
      <line num="299" count="2" type="cond" truecount="2" falsecount="0"/>
      <line num="300" count="15" type="cond" truecount="2" falsecount="0"/>
      <line num="301" count="2" type="cond" truecount="2" falsecount="0"/>
      <line num="302" count="2" type="cond" truecount="2" falsecount="0"/>
      <line num="305" count="19" type="stmt"/>
      <line num="309" count="19" type="cond" truecount="2" falsecount="0"/>
      <line num="310" count="16" type="stmt"/>
      <line num="313" count="3" type="stmt"/>
      <line num="315" count="3" type="cond" truecount="2" falsecount="0"/>
      <line num="316" count="2" type="stmt"/>
      <line num="319" count="1" type="stmt"/>
      <line num="325" count="57" type="cond" truecount="3" falsecount="1"/>
      <line num="326" count="0" type="cond" truecount="0" falsecount="2"/>
      <line num="327" count="0" type="stmt"/>
      <line num="329" count="0" type="stmt"/>
      <line num="331" count="57" type="cond" truecount="2" falsecount="0"/>
      <line num="332" count="4" type="stmt"/>
      <line num="333" count="53" type="cond" truecount="2" falsecount="0"/>
      <line num="334" count="6" type="cond" truecount="2" falsecount="0"/>
      <line num="335" count="3" type="stmt"/>
      <line num="337" count="3" type="stmt"/>
      <line num="341" count="57" type="stmt"/>
      <line num="352" count="9" type="stmt"/>
      <line num="353" count="9" type="stmt"/>
      <line num="355" count="9" type="cond" truecount="2" falsecount="0"/>
      <line num="356" count="3" type="stmt"/>
      <line num="359" count="6" type="stmt"/>
      <line num="360" count="12" type="cond" truecount="4" falsecount="0"/>
      <line num="361" count="6" type="stmt"/>
      <line num="365" count="6" type="cond" truecount="2" falsecount="0"/>
      <line num="375" count="3" type="stmt"/>
      <line num="377" count="3" type="cond" truecount="2" falsecount="0"/>
      <line num="378" count="1" type="stmt"/>
      <line num="381" count="2" type="stmt"/>
      <line num="383" count="2" type="stmt"/>
      <line num="384" count="3" type="cond" truecount="3" falsecount="1"/>
      <line num="385" count="3" type="stmt"/>
      <line num="389" count="2" type="cond" truecount="1" falsecount="1"/>
      <line num="390" count="0" type="stmt"/>
      <line num="393" count="2" type="stmt"/>
      <line num="396" count="3" type="stmt"/>
      <line num="397" count="3" type="stmt"/>
      <line num="402" count="2" type="stmt"/>
      <line num="406" count="0" type="stmt"/>
      <line num="407" count="0" type="stmt"/>
      <line num="411" count="0" type="cond" truecount="0" falsecount="2"/>
      <line num="412" count="0" type="cond" truecount="0" falsecount="2"/>
      <line num="413" count="0" type="stmt"/>
      <line num="421" count="0" type="cond" truecount="0" falsecount="2"/>
      <line num="422" count="0" type="stmt"/>
      <line num="425" count="0" type="cond" truecount="0" falsecount="2"/>
      <line num="426" count="0" type="stmt"/>
      <line num="428" count="0" type="stmt"/>
      <line num="434" count="0" type="stmt"/>
      <line num="437" count="0" type="stmt"/>
      <line num="438" count="0" type="stmt"/>
      <line num="446" count="0" type="cond" truecount="0" falsecount="7"/>
      <line num="447" count="0" type="stmt"/>
      <line num="450" count="0" type="stmt"/>
      <line num="454" count="2" type="cond" truecount="3" falsecount="1"/>
      <line num="455" count="0" type="stmt"/>
      <line num="458" count="2" type="cond" truecount="1" falsecount="1"/>
      <line num="459" count="6" type="cond" truecount="4" falsecount="0"/>
      <line num="460" count="4" type="stmt"/>
      <line num="463" count="6" type="stmt"/>
      <line num="469" count="1" type="stmt"/>
    </file>
  </project>
</coverage>
