{"/Users/matatjahu/Documents/AsyncAPI/markdown-template/helpers/schema.js": {"path":"/Users/matatjahu/Documents/AsyncAPI/markdown-template/helpers/schema.js","statementMap":{"0":{"start":{"line":3,"column":0},"end":{"line":5,"column":3}},"1":{"start":{"line":6,"column":0},"end":{"line":6,"column":59}},"2":{"start":{"line":8,"column":14},"end":{"line":8,"column":83}},"3":{"start":{"line":10,"column":39},"end":{"line":10,"column":93}},"4":{"start":{"line":12,"column":26},"end":{"line":21,"column":1}},"5":{"start":{"line":22,"column":0},"end":{"line":22,"column":46}},"6":{"start":{"line":25,"column":27},"end":{"line":25,"column":96}},"7":{"start":{"line":26,"column":34},"end":{"line":55,"column":3}},"8":{"start":{"line":56,"column":30},"end":{"line":56,"column":70}},"9":{"start":{"line":57,"column":25},"end":{"line":57,"column":55}},"10":{"start":{"line":58,"column":35},"end":{"line":58,"column":76}},"11":{"start":{"line":59,"column":23},"end":{"line":59,"column":51}},"12":{"start":{"line":62,"column":4},"end":{"line":64,"column":5}},"13":{"start":{"line":63,"column":6},"end":{"line":63,"column":39}},"14":{"start":{"line":66,"column":4},"end":{"line":72,"column":5}},"15":{"start":{"line":67,"column":6},"end":{"line":71,"column":7}},"16":{"start":{"line":68,"column":8},"end":{"line":68,"column":37}},"17":{"start":{"line":70,"column":8},"end":{"line":70,"column":39}},"18":{"start":{"line":75,"column":4},"end":{"line":77,"column":5}},"19":{"start":{"line":76,"column":6},"end":{"line":76,"column":35}},"20":{"start":{"line":80,"column":16},"end":{"line":80,"column":28}},"21":{"start":{"line":82,"column":4},"end":{"line":84,"column":5}},"22":{"start":{"line":83,"column":6},"end":{"line":83,"column":37}},"23":{"start":{"line":86,"column":15},"end":{"line":86,"column":37}},"24":{"start":{"line":88,"column":4},"end":{"line":90,"column":5}},"25":{"start":{"line":89,"column":6},"end":{"line":89,"column":63}},"26":{"start":{"line":89,"column":27},"end":{"line":89,"column":49}},"27":{"start":{"line":92,"column":4},"end":{"line":92,"column":37}},"28":{"start":{"line":93,"column":25},"end":{"line":93,"column":52}},"29":{"start":{"line":95,"column":4},"end":{"line":97,"column":5}},"30":{"start":{"line":96,"column":6},"end":{"line":96,"column":39}},"31":{"start":{"line":99,"column":4},"end":{"line":101,"column":5}},"32":{"start":{"line":100,"column":6},"end":{"line":100,"column":26}},"33":{"start":{"line":103,"column":4},"end":{"line":103,"column":16}},"34":{"start":{"line":107,"column":4},"end":{"line":127,"column":5}},"35":{"start":{"line":108,"column":20},"end":{"line":108,"column":34}},"36":{"start":{"line":110,"column":6},"end":{"line":120,"column":7}},"37":{"start":{"line":111,"column":22},"end":{"line":111,"column":75}},"38":{"start":{"line":111,"column":40},"end":{"line":111,"column":63}},"39":{"start":{"line":112,"column":32},"end":{"line":112,"column":56}},"40":{"start":{"line":114,"column":8},"end":{"line":117,"column":9}},"41":{"start":{"line":115,"column":33},"end":{"line":115,"column":158}},"42":{"start":{"line":116,"column":10},"end":{"line":116,"column":96}},"43":{"start":{"line":119,"column":8},"end":{"line":119,"column":62}},"44":{"start":{"line":122,"column":6},"end":{"line":124,"column":7}},"45":{"start":{"line":123,"column":8},"end":{"line":123,"column":49}},"46":{"start":{"line":126,"column":6},"end":{"line":126,"column":79}},"47":{"start":{"line":129,"column":4},"end":{"line":129,"column":16}},"48":{"start":{"line":133,"column":18},"end":{"line":133,"column":32}},"49":{"start":{"line":135,"column":4},"end":{"line":137,"column":5}},"50":{"start":{"line":136,"column":6},"end":{"line":136,"column":21}},"51":{"start":{"line":139,"column":4},"end":{"line":141,"column":5}},"52":{"start":{"line":140,"column":6},"end":{"line":140,"column":21}},"53":{"start":{"line":143,"column":4},"end":{"line":145,"column":5}},"54":{"start":{"line":144,"column":6},"end":{"line":144,"column":21}},"55":{"start":{"line":147,"column":4},"end":{"line":147,"column":11}},"56":{"start":{"line":151,"column":16},"end":{"line":151,"column":29}},"57":{"start":{"line":153,"column":4},"end":{"line":164,"column":5}},"58":{"start":{"line":154,"column":6},"end":{"line":161,"column":7}},"59":{"start":{"line":156,"column":8},"end":{"line":158,"column":9}},"60":{"start":{"line":157,"column":10},"end":{"line":157,"column":53}},"61":{"start":{"line":157,"column":36},"end":{"line":157,"column":51}},"62":{"start":{"line":160,"column":8},"end":{"line":160,"column":53}},"63":{"start":{"line":163,"column":6},"end":{"line":163,"column":19}},"64":{"start":{"line":166,"column":23},"end":{"line":166,"column":37}},"65":{"start":{"line":168,"column":4},"end":{"line":176,"column":5}},"66":{"start":{"line":169,"column":21},"end":{"line":169,"column":38}},"67":{"start":{"line":171,"column":6},"end":{"line":173,"column":7}},"68":{"start":{"line":172,"column":8},"end":{"line":172,"column":25}},"69":{"start":{"line":175,"column":6},"end":{"line":175,"column":20}},"70":{"start":{"line":178,"column":22},"end":{"line":178,"column":35}},"71":{"start":{"line":180,"column":4},"end":{"line":191,"column":5}},"72":{"start":{"line":181,"column":27},"end":{"line":189,"column":10}},"73":{"start":{"line":182,"column":23},"end":{"line":182,"column":31}},"74":{"start":{"line":184,"column":8},"end":{"line":186,"column":9}},"75":{"start":{"line":185,"column":10},"end":{"line":185,"column":27}},"76":{"start":{"line":188,"column":8},"end":{"line":188,"column":22}},"77":{"start":{"line":190,"column":6},"end":{"line":190,"column":72}},"78":{"start":{"line":193,"column":23},"end":{"line":193,"column":61}},"79":{"start":{"line":194,"column":29},"end":{"line":194,"column":90}},"80":{"start":{"line":194,"column":65},"end":{"line":194,"column":89}},"81":{"start":{"line":196,"column":4},"end":{"line":198,"column":5}},"82":{"start":{"line":197,"column":6},"end":{"line":197,"column":16}},"83":{"start":{"line":200,"column":4},"end":{"line":202,"column":5}},"84":{"start":{"line":201,"column":6},"end":{"line":201,"column":16}},"85":{"start":{"line":204,"column":4},"end":{"line":204,"column":33}},"86":{"start":{"line":208,"column":19},"end":{"line":208,"column":31}},"87":{"start":{"line":210,"column":4},"end":{"line":212,"column":5}},"88":{"start":{"line":211,"column":6},"end":{"line":211,"column":26}},"89":{"start":{"line":214,"column":4},"end":{"line":216,"column":5}},"90":{"start":{"line":215,"column":6},"end":{"line":215,"column":19}},"91":{"start":{"line":218,"column":4},"end":{"line":220,"column":5}},"92":{"start":{"line":219,"column":6},"end":{"line":219,"column":37}},"93":{"start":{"line":222,"column":4},"end":{"line":222,"column":33}},"94":{"start":{"line":226,"column":4},"end":{"line":228,"column":5}},"95":{"start":{"line":227,"column":6},"end":{"line":227,"column":23}},"96":{"start":{"line":230,"column":17},"end":{"line":240,"column":5}},"97":{"start":{"line":233,"column":8},"end":{"line":233,"column":74}},"98":{"start":{"line":234,"column":8},"end":{"line":234,"column":99}},"99":{"start":{"line":235,"column":8},"end":{"line":235,"column":19}},"100":{"start":{"line":241,"column":4},"end":{"line":241,"column":37}},"101":{"start":{"line":245,"column":24},"end":{"line":245,"column":26}},"102":{"start":{"line":247,"column":24},"end":{"line":247,"column":148}},"103":{"start":{"line":249,"column":4},"end":{"line":251,"column":5}},"104":{"start":{"line":250,"column":6},"end":{"line":250,"column":36}},"105":{"start":{"line":253,"column":33},"end":{"line":253,"column":87}},"106":{"start":{"line":255,"column":4},"end":{"line":257,"column":5}},"107":{"start":{"line":256,"column":6},"end":{"line":256,"column":45}},"108":{"start":{"line":260,"column":24},"end":{"line":260,"column":106}},"109":{"start":{"line":262,"column":4},"end":{"line":264,"column":5}},"110":{"start":{"line":263,"column":6},"end":{"line":263,"column":36}},"111":{"start":{"line":267,"column":27},"end":{"line":267,"column":47}},"112":{"start":{"line":268,"column":23},"end":{"line":268,"column":132}},"113":{"start":{"line":270,"column":4},"end":{"line":272,"column":5}},"114":{"start":{"line":271,"column":6},"end":{"line":271,"column":35}},"115":{"start":{"line":275,"column":24},"end":{"line":275,"column":114}},"116":{"start":{"line":277,"column":4},"end":{"line":279,"column":5}},"117":{"start":{"line":278,"column":6},"end":{"line":278,"column":36}},"118":{"start":{"line":281,"column":4},"end":{"line":281,"column":23}},"119":{"start":{"line":285,"column":28},"end":{"line":285,"column":54}},"120":{"start":{"line":286,"column":19},"end":{"line":286,"column":55}},"121":{"start":{"line":287,"column":28},"end":{"line":287,"column":54}},"122":{"start":{"line":288,"column":19},"end":{"line":288,"column":55}},"123":{"start":{"line":291,"column":4},"end":{"line":303,"column":5}},"124":{"start":{"line":292,"column":6},"end":{"line":292,"column":50}},"125":{"start":{"line":293,"column":6},"end":{"line":293,"column":58}},"126":{"start":{"line":294,"column":6},"end":{"line":294,"column":28}},"127":{"start":{"line":295,"column":6},"end":{"line":295,"column":58}},"128":{"start":{"line":296,"column":6},"end":{"line":296,"column":51}},"129":{"start":{"line":297,"column":11},"end":{"line":303,"column":5}},"130":{"start":{"line":298,"column":6},"end":{"line":298,"column":51}},"131":{"start":{"line":299,"column":6},"end":{"line":299,"column":58}},"132":{"start":{"line":300,"column":11},"end":{"line":303,"column":5}},"133":{"start":{"line":301,"column":6},"end":{"line":301,"column":51}},"134":{"start":{"line":302,"column":6},"end":{"line":302,"column":58}},"135":{"start":{"line":305,"column":4},"end":{"line":305,"column":23}},"136":{"start":{"line":309,"column":4},"end":{"line":311,"column":5}},"137":{"start":{"line":310,"column":6},"end":{"line":310,"column":13}},"138":{"start":{"line":313,"column":33},"end":{"line":313,"column":56}},"139":{"start":{"line":315,"column":4},"end":{"line":317,"column":5}},"140":{"start":{"line":316,"column":6},"end":{"line":316,"column":51}},"141":{"start":{"line":319,"column":4},"end":{"line":319,"column":76}},"142":{"start":{"line":325,"column":4},"end":{"line":339,"column":5}},"143":{"start":{"line":326,"column":6},"end":{"line":330,"column":7}},"144":{"start":{"line":327,"column":8},"end":{"line":327,"column":46}},"145":{"start":{"line":329,"column":8},"end":{"line":329,"column":60}},"146":{"start":{"line":331,"column":11},"end":{"line":339,"column":5}},"147":{"start":{"line":332,"column":6},"end":{"line":332,"column":47}},"148":{"start":{"line":333,"column":11},"end":{"line":339,"column":5}},"149":{"start":{"line":334,"column":6},"end":{"line":338,"column":7}},"150":{"start":{"line":335,"column":8},"end":{"line":335,"column":34}},"151":{"start":{"line":337,"column":8},"end":{"line":337,"column":49}},"152":{"start":{"line":341,"column":4},"end":{"line":341,"column":23}},"153":{"start":{"line":352,"column":30},"end":{"line":352,"column":32}},"154":{"start":{"line":353,"column":25},"end":{"line":353,"column":46}},"155":{"start":{"line":355,"column":4},"end":{"line":357,"column":5}},"156":{"start":{"line":356,"column":6},"end":{"line":356,"column":13}},"157":{"start":{"line":359,"column":4},"end":{"line":363,"column":5}},"158":{"start":{"line":360,"column":6},"end":{"line":362,"column":7}},"159":{"start":{"line":361,"column":8},"end":{"line":361,"column":37}},"160":{"start":{"line":365,"column":4},"end":{"line":365,"column":68}},"161":{"start":{"line":375,"column":25},"end":{"line":375,"column":46}},"162":{"start":{"line":377,"column":4},"end":{"line":379,"column":5}},"163":{"start":{"line":378,"column":6},"end":{"line":378,"column":13}},"164":{"start":{"line":381,"column":20},"end":{"line":381,"column":22}},"165":{"start":{"line":383,"column":4},"end":{"line":387,"column":5}},"166":{"start":{"line":384,"column":6},"end":{"line":386,"column":7}},"167":{"start":{"line":385,"column":8},"end":{"line":385,"column":35}},"168":{"start":{"line":389,"column":4},"end":{"line":391,"column":5}},"169":{"start":{"line":390,"column":6},"end":{"line":390,"column":23}},"170":{"start":{"line":393,"column":17},"end":{"line":401,"column":5}},"171":{"start":{"line":396,"column":8},"end":{"line":396,"column":69}},"172":{"start":{"line":397,"column":8},"end":{"line":397,"column":19}},"173":{"start":{"line":402,"column":4},"end":{"line":402,"column":37}},"174":{"start":{"line":406,"column":17},"end":{"line":406,"column":46}},"175":{"start":{"line":407,"column":4},"end":{"line":407,"column":37}},"176":{"start":{"line":411,"column":4},"end":{"line":419,"column":5}},"177":{"start":{"line":412,"column":18},"end":{"line":412,"column":81}},"178":{"start":{"line":413,"column":6},"end":{"line":418,"column":8}},"179":{"start":{"line":421,"column":4},"end":{"line":423,"column":5}},"180":{"start":{"line":422,"column":6},"end":{"line":422,"column":19}},"181":{"start":{"line":425,"column":4},"end":{"line":432,"column":5}},"182":{"start":{"line":426,"column":6},"end":{"line":431,"column":8}},"183":{"start":{"line":428,"column":30},"end":{"line":428,"column":55}},"184":{"start":{"line":434,"column":4},"end":{"line":442,"column":6}},"185":{"start":{"line":437,"column":8},"end":{"line":437,"column":43}},"186":{"start":{"line":438,"column":8},"end":{"line":438,"column":19}},"187":{"start":{"line":446,"column":4},"end":{"line":448,"column":5}},"188":{"start":{"line":446,"column":142},"end":{"line":446,"column":175}},"189":{"start":{"line":447,"column":6},"end":{"line":447,"column":18}},"190":{"start":{"line":450,"column":4},"end":{"line":450,"column":17}},"191":{"start":{"line":454,"column":4},"end":{"line":456,"column":5}},"192":{"start":{"line":455,"column":6},"end":{"line":455,"column":13}},"193":{"start":{"line":458,"column":4},"end":{"line":464,"column":11}},"194":{"start":{"line":459,"column":6},"end":{"line":461,"column":7}},"195":{"start":{"line":460,"column":8},"end":{"line":460,"column":27}},"196":{"start":{"line":463,"column":6},"end":{"line":463,"column":17}},"197":{"start":{"line":469,"column":0},"end":{"line":469,"column":38}}},"fnMap":{"0":{"name":"_interopRequireDefault","decl":{"start":{"line":10,"column":9},"end":{"line":10,"column":31}},"loc":{"start":{"line":10,"column":37},"end":{"line":10,"column":95}},"line":10},"1":{"name":"(anonymous_1)","decl":{"start":{"line":61,"column":2},"end":{"line":61,"column":3}},"loc":{"start":{"line":61,"column":30},"end":{"line":104,"column":3}},"line":61},"2":{"name":"(anonymous_2)","decl":{"start":{"line":89,"column":22},"end":{"line":89,"column":23}},"loc":{"start":{"line":89,"column":27},"end":{"line":89,"column":49}},"line":89},"3":{"name":"(anonymous_3)","decl":{"start":{"line":106,"column":2},"end":{"line":106,"column":3}},"loc":{"start":{"line":106,"column":30},"end":{"line":130,"column":3}},"line":106},"4":{"name":"(anonymous_4)","decl":{"start":{"line":111,"column":32},"end":{"line":111,"column":33}},"loc":{"start":{"line":111,"column":40},"end":{"line":111,"column":63}},"line":111},"5":{"name":"(anonymous_5)","decl":{"start":{"line":132,"column":2},"end":{"line":132,"column":3}},"loc":{"start":{"line":132,"column":32},"end":{"line":148,"column":3}},"line":132},"6":{"name":"(anonymous_6)","decl":{"start":{"line":150,"column":2},"end":{"line":150,"column":3}},"loc":{"start":{"line":150,"column":27},"end":{"line":205,"column":3}},"line":150},"7":{"name":"(anonymous_7)","decl":{"start":{"line":157,"column":31},"end":{"line":157,"column":32}},"loc":{"start":{"line":157,"column":36},"end":{"line":157,"column":51}},"line":157},"8":{"name":"(anonymous_8)","decl":{"start":{"line":181,"column":60},"end":{"line":181,"column":61}},"loc":{"start":{"line":181,"column":65},"end":{"line":189,"column":7}},"line":181},"9":{"name":"(anonymous_9)","decl":{"start":{"line":194,"column":58},"end":{"line":194,"column":59}},"loc":{"start":{"line":194,"column":65},"end":{"line":194,"column":89}},"line":194},"10":{"name":"(anonymous_10)","decl":{"start":{"line":207,"column":2},"end":{"line":207,"column":3}},"loc":{"start":{"line":207,"column":30},"end":{"line":223,"column":3}},"line":207},"11":{"name":"(anonymous_11)","decl":{"start":{"line":225,"column":2},"end":{"line":225,"column":3}},"loc":{"start":{"line":225,"column":40},"end":{"line":242,"column":3}},"line":225},"12":{"name":"(anonymous_12)","decl":{"start":{"line":232,"column":52},"end":{"line":232,"column":53}},"loc":{"start":{"line":232,"column":89},"end":{"line":236,"column":7}},"line":232},"13":{"name":"(anonymous_13)","decl":{"start":{"line":244,"column":2},"end":{"line":244,"column":3}},"loc":{"start":{"line":244,"column":37},"end":{"line":282,"column":3}},"line":244},"14":{"name":"(anonymous_14)","decl":{"start":{"line":284,"column":2},"end":{"line":284,"column":3}},"loc":{"start":{"line":284,"column":77},"end":{"line":306,"column":3}},"line":284},"15":{"name":"(anonymous_15)","decl":{"start":{"line":308,"column":2},"end":{"line":308,"column":3}},"loc":{"start":{"line":308,"column":50},"end":{"line":320,"column":3}},"line":308},"16":{"name":"(anonymous_16)","decl":{"start":{"line":322,"column":2},"end":{"line":322,"column":3}},"loc":{"start":{"line":322,"column":56},"end":{"line":342,"column":3}},"line":322},"17":{"name":"(anonymous_17)","decl":{"start":{"line":351,"column":2},"end":{"line":351,"column":3}},"loc":{"start":{"line":351,"column":52},"end":{"line":366,"column":3}},"line":351},"18":{"name":"(anonymous_18)","decl":{"start":{"line":374,"column":2},"end":{"line":374,"column":3}},"loc":{"start":{"line":374,"column":37},"end":{"line":403,"column":3}},"line":374},"19":{"name":"(anonymous_19)","decl":{"start":{"line":395,"column":49},"end":{"line":395,"column":50}},"loc":{"start":{"line":395,"column":90},"end":{"line":398,"column":7}},"line":395},"20":{"name":"(anonymous_20)","decl":{"start":{"line":405,"column":2},"end":{"line":405,"column":3}},"loc":{"start":{"line":405,"column":29},"end":{"line":408,"column":3}},"line":405},"21":{"name":"(anonymous_21)","decl":{"start":{"line":410,"column":2},"end":{"line":410,"column":3}},"loc":{"start":{"line":410,"column":34},"end":{"line":443,"column":3}},"line":410},"22":{"name":"(anonymous_22)","decl":{"start":{"line":428,"column":25},"end":{"line":428,"column":26}},"loc":{"start":{"line":428,"column":30},"end":{"line":428,"column":55}},"line":428},"23":{"name":"(anonymous_23)","decl":{"start":{"line":436,"column":47},"end":{"line":436,"column":48}},"loc":{"start":{"line":436,"column":64},"end":{"line":439,"column":7}},"line":436},"24":{"name":"(anonymous_24)","decl":{"start":{"line":445,"column":2},"end":{"line":445,"column":3}},"loc":{"start":{"line":445,"column":29},"end":{"line":451,"column":3}},"line":445},"25":{"name":"(anonymous_25)","decl":{"start":{"line":446,"column":137},"end":{"line":446,"column":138}},"loc":{"start":{"line":446,"column":142},"end":{"line":446,"column":175}},"line":446},"26":{"name":"(anonymous_26)","decl":{"start":{"line":453,"column":2},"end":{"line":453,"column":3}},"loc":{"start":{"line":453,"column":36},"end":{"line":465,"column":3}},"line":453},"27":{"name":"(anonymous_27)","decl":{"start":{"line":458,"column":59},"end":{"line":458,"column":60}},"loc":{"start":{"line":458,"column":84},"end":{"line":464,"column":5}},"line":458}},"branchMap":{"0":{"loc":{"start":{"line":10,"column":46},"end":{"line":10,"column":92}},"type":"cond-expr","locations":[{"start":{"line":10,"column":70},"end":{"line":10,"column":73}},{"start":{"line":10,"column":76},"end":{"line":10,"column":92}}],"line":10},"1":{"loc":{"start":{"line":10,"column":46},"end":{"line":10,"column":67}},"type":"binary-expr","locations":[{"start":{"line":10,"column":46},"end":{"line":10,"column":49}},{"start":{"line":10,"column":53},"end":{"line":10,"column":67}}],"line":10},"2":{"loc":{"start":{"line":62,"column":4},"end":{"line":64,"column":5}},"type":"if","locations":[{"start":{"line":62,"column":4},"end":{"line":64,"column":5}},{"start":{"line":62,"column":4},"end":{"line":64,"column":5}}],"line":62},"3":{"loc":{"start":{"line":62,"column":8},"end":{"line":62,"column":52}},"type":"binary-expr","locations":[{"start":{"line":62,"column":8},"end":{"line":62,"column":15}},{"start":{"line":62,"column":19},"end":{"line":62,"column":52}}],"line":62},"4":{"loc":{"start":{"line":66,"column":4},"end":{"line":72,"column":5}},"type":"if","locations":[{"start":{"line":66,"column":4},"end":{"line":72,"column":5}},{"start":{"line":66,"column":4},"end":{"line":72,"column":5}}],"line":66},"5":{"loc":{"start":{"line":67,"column":6},"end":{"line":71,"column":7}},"type":"if","locations":[{"start":{"line":67,"column":6},"end":{"line":71,"column":7}},{"start":{"line":67,"column":6},"end":{"line":71,"column":7}}],"line":67},"6":{"loc":{"start":{"line":75,"column":4},"end":{"line":77,"column":5}},"type":"if","locations":[{"start":{"line":75,"column":4},"end":{"line":77,"column":5}},{"start":{"line":75,"column":4},"end":{"line":77,"column":5}}],"line":75},"7":{"loc":{"start":{"line":82,"column":4},"end":{"line":84,"column":5}},"type":"if","locations":[{"start":{"line":82,"column":4},"end":{"line":84,"column":5}},{"start":{"line":82,"column":4},"end":{"line":84,"column":5}}],"line":82},"8":{"loc":{"start":{"line":82,"column":8},"end":{"line":82,"column":60}},"type":"binary-expr","locations":[{"start":{"line":82,"column":8},"end":{"line":82,"column":11}},{"start":{"line":82,"column":15},"end":{"line":82,"column":60}}],"line":82},"9":{"loc":{"start":{"line":88,"column":4},"end":{"line":90,"column":5}},"type":"if","locations":[{"start":{"line":88,"column":4},"end":{"line":90,"column":5}},{"start":{"line":88,"column":4},"end":{"line":90,"column":5}}],"line":88},"10":{"loc":{"start":{"line":95,"column":4},"end":{"line":97,"column":5}},"type":"if","locations":[{"start":{"line":95,"column":4},"end":{"line":97,"column":5}},{"start":{"line":95,"column":4},"end":{"line":97,"column":5}}],"line":95},"11":{"loc":{"start":{"line":95,"column":8},"end":{"line":95,"column":28}},"type":"binary-expr","locations":[{"start":{"line":95,"column":8},"end":{"line":95,"column":12}},{"start":{"line":95,"column":16},"end":{"line":95,"column":28}}],"line":95},"12":{"loc":{"start":{"line":99,"column":4},"end":{"line":101,"column":5}},"type":"if","locations":[{"start":{"line":99,"column":4},"end":{"line":101,"column":5}},{"start":{"line":99,"column":4},"end":{"line":101,"column":5}}],"line":99},"13":{"loc":{"start":{"line":107,"column":4},"end":{"line":127,"column":5}},"type":"if","locations":[{"start":{"line":107,"column":4},"end":{"line":127,"column":5}},{"start":{"line":107,"column":4},"end":{"line":127,"column":5}}],"line":107},"14":{"loc":{"start":{"line":110,"column":6},"end":{"line":120,"column":7}},"type":"if","locations":[{"start":{"line":110,"column":6},"end":{"line":120,"column":7}},{"start":{"line":110,"column":6},"end":{"line":120,"column":7}}],"line":110},"15":{"loc":{"start":{"line":114,"column":8},"end":{"line":117,"column":9}},"type":"if","locations":[{"start":{"line":114,"column":8},"end":{"line":117,"column":9}},{"start":{"line":114,"column":8},"end":{"line":117,"column":9}}],"line":114},"16":{"loc":{"start":{"line":114,"column":12},"end":{"line":114,"column":67}},"type":"binary-expr","locations":[{"start":{"line":114,"column":12},"end":{"line":114,"column":41}},{"start":{"line":114,"column":45},"end":{"line":114,"column":67}}],"line":114},"17":{"loc":{"start":{"line":115,"column":33},"end":{"line":115,"column":158}},"type":"cond-expr","locations":[{"start":{"line":115,"column":100},"end":{"line":115,"column":121}},{"start":{"line":115,"column":124},"end":{"line":115,"column":158}}],"line":115},"18":{"loc":{"start":{"line":115,"column":33},"end":{"line":115,"column":97}},"type":"binary-expr","locations":[{"start":{"line":115,"column":33},"end":{"line":115,"column":62}},{"start":{"line":115,"column":66},"end":{"line":115,"column":97}}],"line":115},"19":{"loc":{"start":{"line":116,"column":26},"end":{"line":116,"column":60}},"type":"binary-expr","locations":[{"start":{"line":116,"column":26},"end":{"line":116,"column":31}},{"start":{"line":116,"column":35},"end":{"line":116,"column":60}}],"line":116},"20":{"loc":{"start":{"line":119,"column":24},"end":{"line":119,"column":58}},"type":"binary-expr","locations":[{"start":{"line":119,"column":24},"end":{"line":119,"column":29}},{"start":{"line":119,"column":33},"end":{"line":119,"column":58}}],"line":119},"21":{"loc":{"start":{"line":122,"column":6},"end":{"line":124,"column":7}},"type":"if","locations":[{"start":{"line":122,"column":6},"end":{"line":124,"column":7}},{"start":{"line":122,"column":6},"end":{"line":124,"column":7}}],"line":122},"22":{"loc":{"start":{"line":126,"column":22},"end":{"line":126,"column":75}},"type":"binary-expr","locations":[{"start":{"line":126,"column":22},"end":{"line":126,"column":46}},{"start":{"line":126,"column":50},"end":{"line":126,"column":75}}],"line":126},"23":{"loc":{"start":{"line":135,"column":4},"end":{"line":137,"column":5}},"type":"if","locations":[{"start":{"line":135,"column":4},"end":{"line":137,"column":5}},{"start":{"line":135,"column":4},"end":{"line":137,"column":5}}],"line":135},"24":{"loc":{"start":{"line":139,"column":4},"end":{"line":141,"column":5}},"type":"if","locations":[{"start":{"line":139,"column":4},"end":{"line":141,"column":5}},{"start":{"line":139,"column":4},"end":{"line":141,"column":5}}],"line":139},"25":{"loc":{"start":{"line":143,"column":4},"end":{"line":145,"column":5}},"type":"if","locations":[{"start":{"line":143,"column":4},"end":{"line":145,"column":5}},{"start":{"line":143,"column":4},"end":{"line":145,"column":5}}],"line":143},"26":{"loc":{"start":{"line":153,"column":4},"end":{"line":164,"column":5}},"type":"if","locations":[{"start":{"line":153,"column":4},"end":{"line":164,"column":5}},{"start":{"line":153,"column":4},"end":{"line":164,"column":5}}],"line":153},"27":{"loc":{"start":{"line":154,"column":6},"end":{"line":161,"column":7}},"type":"if","locations":[{"start":{"line":154,"column":6},"end":{"line":161,"column":7}},{"start":{"line":154,"column":6},"end":{"line":161,"column":7}}],"line":154},"28":{"loc":{"start":{"line":156,"column":8},"end":{"line":158,"column":9}},"type":"if","locations":[{"start":{"line":156,"column":8},"end":{"line":158,"column":9}},{"start":{"line":156,"column":8},"end":{"line":158,"column":9}}],"line":156},"29":{"loc":{"start":{"line":156,"column":12},"end":{"line":156,"column":65}},"type":"binary-expr","locations":[{"start":{"line":156,"column":12},"end":{"line":156,"column":37}},{"start":{"line":156,"column":41},"end":{"line":156,"column":65}}],"line":156},"30":{"loc":{"start":{"line":160,"column":15},"end":{"line":160,"column":52}},"type":"cond-expr","locations":[{"start":{"line":160,"column":36},"end":{"line":160,"column":44}},{"start":{"line":160,"column":47},"end":{"line":160,"column":52}}],"line":160},"31":{"loc":{"start":{"line":168,"column":4},"end":{"line":176,"column":5}},"type":"if","locations":[{"start":{"line":168,"column":4},"end":{"line":176,"column":5}},{"start":{"line":168,"column":4},"end":{"line":176,"column":5}}],"line":168},"32":{"loc":{"start":{"line":171,"column":6},"end":{"line":173,"column":7}},"type":"if","locations":[{"start":{"line":171,"column":6},"end":{"line":173,"column":7}},{"start":{"line":171,"column":6},"end":{"line":173,"column":7}}],"line":171},"33":{"loc":{"start":{"line":171,"column":10},"end":{"line":171,"column":61}},"type":"binary-expr","locations":[{"start":{"line":171,"column":10},"end":{"line":171,"column":29}},{"start":{"line":171,"column":33},"end":{"line":171,"column":61}}],"line":171},"34":{"loc":{"start":{"line":180,"column":4},"end":{"line":191,"column":5}},"type":"if","locations":[{"start":{"line":180,"column":4},"end":{"line":191,"column":5}},{"start":{"line":180,"column":4},"end":{"line":191,"column":5}}],"line":180},"35":{"loc":{"start":{"line":180,"column":8},"end":{"line":180,"column":52}},"type":"binary-expr","locations":[{"start":{"line":180,"column":8},"end":{"line":180,"column":32}},{"start":{"line":180,"column":36},"end":{"line":180,"column":52}}],"line":180},"36":{"loc":{"start":{"line":184,"column":8},"end":{"line":186,"column":9}},"type":"if","locations":[{"start":{"line":184,"column":8},"end":{"line":186,"column":9}},{"start":{"line":184,"column":8},"end":{"line":186,"column":9}}],"line":184},"37":{"loc":{"start":{"line":184,"column":12},"end":{"line":184,"column":54}},"type":"binary-expr","locations":[{"start":{"line":184,"column":12},"end":{"line":184,"column":31}},{"start":{"line":184,"column":35},"end":{"line":184,"column":54}}],"line":184},"38":{"loc":{"start":{"line":190,"column":13},"end":{"line":190,"column":71}},"type":"cond-expr","locations":[{"start":{"line":190,"column":41},"end":{"line":190,"column":56}},{"start":{"line":190,"column":59},"end":{"line":190,"column":71}}],"line":190},"39":{"loc":{"start":{"line":193,"column":23},"end":{"line":193,"column":61}},"type":"binary-expr","locations":[{"start":{"line":193,"column":23},"end":{"line":193,"column":55}},{"start":{"line":193,"column":59},"end":{"line":193,"column":61}}],"line":193},"40":{"loc":{"start":{"line":193,"column":35},"end":{"line":193,"column":54}},"type":"binary-expr","locations":[{"start":{"line":193,"column":35},"end":{"line":193,"column":48}},{"start":{"line":193,"column":52},"end":{"line":193,"column":54}}],"line":193},"41":{"loc":{"start":{"line":196,"column":4},"end":{"line":198,"column":5}},"type":"if","locations":[{"start":{"line":196,"column":4},"end":{"line":198,"column":5}},{"start":{"line":196,"column":4},"end":{"line":198,"column":5}}],"line":196},"42":{"loc":{"start":{"line":200,"column":4},"end":{"line":202,"column":5}},"type":"if","locations":[{"start":{"line":200,"column":4},"end":{"line":202,"column":5}},{"start":{"line":200,"column":4},"end":{"line":202,"column":5}}],"line":200},"43":{"loc":{"start":{"line":210,"column":4},"end":{"line":212,"column":5}},"type":"if","locations":[{"start":{"line":210,"column":4},"end":{"line":212,"column":5}},{"start":{"line":210,"column":4},"end":{"line":212,"column":5}}],"line":210},"44":{"loc":{"start":{"line":214,"column":4},"end":{"line":216,"column":5}},"type":"if","locations":[{"start":{"line":214,"column":4},"end":{"line":216,"column":5}},{"start":{"line":214,"column":4},"end":{"line":216,"column":5}}],"line":214},"45":{"loc":{"start":{"line":214,"column":8},"end":{"line":214,"column":74}},"type":"binary-expr","locations":[{"start":{"line":214,"column":8},"end":{"line":214,"column":27}},{"start":{"line":214,"column":31},"end":{"line":214,"column":50}},{"start":{"line":214,"column":54},"end":{"line":214,"column":74}}],"line":214},"46":{"loc":{"start":{"line":218,"column":4},"end":{"line":220,"column":5}},"type":"if","locations":[{"start":{"line":218,"column":4},"end":{"line":220,"column":5}},{"start":{"line":218,"column":4},"end":{"line":220,"column":5}}],"line":218},"47":{"loc":{"start":{"line":226,"column":4},"end":{"line":228,"column":5}},"type":"if","locations":[{"start":{"line":226,"column":4},"end":{"line":228,"column":5}},{"start":{"line":226,"column":4},"end":{"line":228,"column":5}}],"line":226},"48":{"loc":{"start":{"line":226,"column":8},"end":{"line":226,"column":54}},"type":"binary-expr","locations":[{"start":{"line":226,"column":8},"end":{"line":226,"column":19}},{"start":{"line":226,"column":23},"end":{"line":226,"column":54}}],"line":226},"49":{"loc":{"start":{"line":234,"column":41},"end":{"line":234,"column":98}},"type":"binary-expr","locations":[{"start":{"line":234,"column":41},"end":{"line":234,"column":64}},{"start":{"line":234,"column":68},"end":{"line":234,"column":98}}],"line":234},"50":{"loc":{"start":{"line":249,"column":4},"end":{"line":251,"column":5}},"type":"if","locations":[{"start":{"line":249,"column":4},"end":{"line":251,"column":5}},{"start":{"line":249,"column":4},"end":{"line":251,"column":5}}],"line":249},"51":{"loc":{"start":{"line":255,"column":4},"end":{"line":257,"column":5}},"type":"if","locations":[{"start":{"line":255,"column":4},"end":{"line":257,"column":5}},{"start":{"line":255,"column":4},"end":{"line":257,"column":5}}],"line":255},"52":{"loc":{"start":{"line":262,"column":4},"end":{"line":264,"column":5}},"type":"if","locations":[{"start":{"line":262,"column":4},"end":{"line":264,"column":5}},{"start":{"line":262,"column":4},"end":{"line":264,"column":5}}],"line":262},"53":{"loc":{"start":{"line":268,"column":52},"end":{"line":268,"column":93}},"type":"cond-expr","locations":[{"start":{"line":268,"column":69},"end":{"line":268,"column":83}},{"start":{"line":268,"column":86},"end":{"line":268,"column":93}}],"line":268},"54":{"loc":{"start":{"line":270,"column":4},"end":{"line":272,"column":5}},"type":"if","locations":[{"start":{"line":270,"column":4},"end":{"line":272,"column":5}},{"start":{"line":270,"column":4},"end":{"line":272,"column":5}}],"line":270},"55":{"loc":{"start":{"line":277,"column":4},"end":{"line":279,"column":5}},"type":"if","locations":[{"start":{"line":277,"column":4},"end":{"line":279,"column":5}},{"start":{"line":277,"column":4},"end":{"line":279,"column":5}}],"line":277},"56":{"loc":{"start":{"line":286,"column":19},"end":{"line":286,"column":55}},"type":"binary-expr","locations":[{"start":{"line":286,"column":19},"end":{"line":286,"column":36}},{"start":{"line":286,"column":40},"end":{"line":286,"column":55}}],"line":286},"57":{"loc":{"start":{"line":288,"column":19},"end":{"line":288,"column":55}},"type":"binary-expr","locations":[{"start":{"line":288,"column":19},"end":{"line":288,"column":36}},{"start":{"line":288,"column":40},"end":{"line":288,"column":55}}],"line":288},"58":{"loc":{"start":{"line":291,"column":4},"end":{"line":303,"column":5}},"type":"if","locations":[{"start":{"line":291,"column":4},"end":{"line":303,"column":5}},{"start":{"line":291,"column":4},"end":{"line":303,"column":5}}],"line":291},"59":{"loc":{"start":{"line":291,"column":8},"end":{"line":291,"column":24}},"type":"binary-expr","locations":[{"start":{"line":291,"column":8},"end":{"line":291,"column":14}},{"start":{"line":291,"column":18},"end":{"line":291,"column":24}}],"line":291},"60":{"loc":{"start":{"line":292,"column":20},"end":{"line":292,"column":49}},"type":"cond-expr","locations":[{"start":{"line":292,"column":38},"end":{"line":292,"column":42}},{"start":{"line":292,"column":45},"end":{"line":292,"column":49}}],"line":292},"61":{"loc":{"start":{"line":293,"column":21},"end":{"line":293,"column":57}},"type":"cond-expr","locations":[{"start":{"line":293,"column":39},"end":{"line":293,"column":51}},{"start":{"line":293,"column":54},"end":{"line":293,"column":57}}],"line":293},"62":{"loc":{"start":{"line":295,"column":21},"end":{"line":295,"column":57}},"type":"cond-expr","locations":[{"start":{"line":295,"column":39},"end":{"line":295,"column":51}},{"start":{"line":295,"column":54},"end":{"line":295,"column":57}}],"line":295},"63":{"loc":{"start":{"line":296,"column":21},"end":{"line":296,"column":50}},"type":"cond-expr","locations":[{"start":{"line":296,"column":39},"end":{"line":296,"column":43}},{"start":{"line":296,"column":46},"end":{"line":296,"column":50}}],"line":296},"64":{"loc":{"start":{"line":297,"column":11},"end":{"line":303,"column":5}},"type":"if","locations":[{"start":{"line":297,"column":11},"end":{"line":303,"column":5}},{"start":{"line":297,"column":11},"end":{"line":303,"column":5}}],"line":297},"65":{"loc":{"start":{"line":298,"column":20},"end":{"line":298,"column":50}},"type":"cond-expr","locations":[{"start":{"line":298,"column":38},"end":{"line":298,"column":42}},{"start":{"line":298,"column":45},"end":{"line":298,"column":50}}],"line":298},"66":{"loc":{"start":{"line":299,"column":21},"end":{"line":299,"column":57}},"type":"cond-expr","locations":[{"start":{"line":299,"column":39},"end":{"line":299,"column":51}},{"start":{"line":299,"column":54},"end":{"line":299,"column":57}}],"line":299},"67":{"loc":{"start":{"line":300,"column":11},"end":{"line":303,"column":5}},"type":"if","locations":[{"start":{"line":300,"column":11},"end":{"line":303,"column":5}},{"start":{"line":300,"column":11},"end":{"line":303,"column":5}}],"line":300},"68":{"loc":{"start":{"line":301,"column":20},"end":{"line":301,"column":50}},"type":"cond-expr","locations":[{"start":{"line":301,"column":38},"end":{"line":301,"column":42}},{"start":{"line":301,"column":45},"end":{"line":301,"column":50}}],"line":301},"69":{"loc":{"start":{"line":302,"column":21},"end":{"line":302,"column":57}},"type":"cond-expr","locations":[{"start":{"line":302,"column":39},"end":{"line":302,"column":51}},{"start":{"line":302,"column":54},"end":{"line":302,"column":57}}],"line":302},"70":{"loc":{"start":{"line":309,"column":4},"end":{"line":311,"column":5}},"type":"if","locations":[{"start":{"line":309,"column":4},"end":{"line":311,"column":5}},{"start":{"line":309,"column":4},"end":{"line":311,"column":5}}],"line":309},"71":{"loc":{"start":{"line":315,"column":4},"end":{"line":317,"column":5}},"type":"if","locations":[{"start":{"line":315,"column":4},"end":{"line":317,"column":5}},{"start":{"line":315,"column":4},"end":{"line":317,"column":5}}],"line":315},"72":{"loc":{"start":{"line":325,"column":4},"end":{"line":339,"column":5}},"type":"if","locations":[{"start":{"line":325,"column":4},"end":{"line":339,"column":5}},{"start":{"line":325,"column":4},"end":{"line":339,"column":5}}],"line":325},"73":{"loc":{"start":{"line":325,"column":8},"end":{"line":325,"column":46}},"type":"binary-expr","locations":[{"start":{"line":325,"column":8},"end":{"line":325,"column":25}},{"start":{"line":325,"column":29},"end":{"line":325,"column":46}}],"line":325},"74":{"loc":{"start":{"line":326,"column":6},"end":{"line":330,"column":7}},"type":"if","locations":[{"start":{"line":326,"column":6},"end":{"line":330,"column":7}},{"start":{"line":326,"column":6},"end":{"line":330,"column":7}}],"line":326},"75":{"loc":{"start":{"line":331,"column":11},"end":{"line":339,"column":5}},"type":"if","locations":[{"start":{"line":331,"column":11},"end":{"line":339,"column":5}},{"start":{"line":331,"column":11},"end":{"line":339,"column":5}}],"line":331},"76":{"loc":{"start":{"line":333,"column":11},"end":{"line":339,"column":5}},"type":"if","locations":[{"start":{"line":333,"column":11},"end":{"line":339,"column":5}},{"start":{"line":333,"column":11},"end":{"line":339,"column":5}}],"line":333},"77":{"loc":{"start":{"line":334,"column":6},"end":{"line":338,"column":7}},"type":"if","locations":[{"start":{"line":334,"column":6},"end":{"line":338,"column":7}},{"start":{"line":334,"column":6},"end":{"line":338,"column":7}}],"line":334},"78":{"loc":{"start":{"line":355,"column":4},"end":{"line":357,"column":5}},"type":"if","locations":[{"start":{"line":355,"column":4},"end":{"line":357,"column":5}},{"start":{"line":355,"column":4},"end":{"line":357,"column":5}}],"line":355},"79":{"loc":{"start":{"line":360,"column":6},"end":{"line":362,"column":7}},"type":"if","locations":[{"start":{"line":360,"column":6},"end":{"line":362,"column":7}},{"start":{"line":360,"column":6},"end":{"line":362,"column":7}}],"line":360},"80":{"loc":{"start":{"line":360,"column":10},"end":{"line":360,"column":62}},"type":"binary-expr","locations":[{"start":{"line":360,"column":10},"end":{"line":360,"column":30}},{"start":{"line":360,"column":34},"end":{"line":360,"column":62}}],"line":360},"81":{"loc":{"start":{"line":365,"column":11},"end":{"line":365,"column":67}},"type":"cond-expr","locations":[{"start":{"line":365,"column":38},"end":{"line":365,"column":55}},{"start":{"line":365,"column":58},"end":{"line":365,"column":67}}],"line":365},"82":{"loc":{"start":{"line":377,"column":4},"end":{"line":379,"column":5}},"type":"if","locations":[{"start":{"line":377,"column":4},"end":{"line":379,"column":5}},{"start":{"line":377,"column":4},"end":{"line":379,"column":5}}],"line":377},"83":{"loc":{"start":{"line":384,"column":6},"end":{"line":386,"column":7}},"type":"if","locations":[{"start":{"line":384,"column":6},"end":{"line":386,"column":7}},{"start":{"line":384,"column":6},"end":{"line":386,"column":7}}],"line":384},"84":{"loc":{"start":{"line":384,"column":10},"end":{"line":384,"column":70}},"type":"binary-expr","locations":[{"start":{"line":384,"column":10},"end":{"line":384,"column":40}},{"start":{"line":384,"column":44},"end":{"line":384,"column":70}}],"line":384},"85":{"loc":{"start":{"line":389,"column":4},"end":{"line":391,"column":5}},"type":"if","locations":[{"start":{"line":389,"column":4},"end":{"line":391,"column":5}},{"start":{"line":389,"column":4},"end":{"line":391,"column":5}}],"line":389},"86":{"loc":{"start":{"line":411,"column":4},"end":{"line":419,"column":5}},"type":"if","locations":[{"start":{"line":411,"column":4},"end":{"line":419,"column":5}},{"start":{"line":411,"column":4},"end":{"line":419,"column":5}}],"line":411},"87":{"loc":{"start":{"line":412,"column":18},"end":{"line":412,"column":81}},"type":"cond-expr","locations":[{"start":{"line":412,"column":57},"end":{"line":412,"column":73}},{"start":{"line":412,"column":76},"end":{"line":412,"column":81}}],"line":412},"88":{"loc":{"start":{"line":421,"column":4},"end":{"line":423,"column":5}},"type":"if","locations":[{"start":{"line":421,"column":4},"end":{"line":423,"column":5}},{"start":{"line":421,"column":4},"end":{"line":423,"column":5}}],"line":421},"89":{"loc":{"start":{"line":425,"column":4},"end":{"line":432,"column":5}},"type":"if","locations":[{"start":{"line":425,"column":4},"end":{"line":432,"column":5}},{"start":{"line":425,"column":4},"end":{"line":432,"column":5}}],"line":425},"90":{"loc":{"start":{"line":446,"column":4},"end":{"line":448,"column":5}},"type":"if","locations":[{"start":{"line":446,"column":4},"end":{"line":448,"column":5}},{"start":{"line":446,"column":4},"end":{"line":448,"column":5}}],"line":446},"91":{"loc":{"start":{"line":446,"column":8},"end":{"line":446,"column":177}},"type":"binary-expr","locations":[{"start":{"line":446,"column":8},"end":{"line":446,"column":13}},{"start":{"line":446,"column":17},"end":{"line":446,"column":42}},{"start":{"line":446,"column":47},"end":{"line":446,"column":88}},{"start":{"line":446,"column":92},"end":{"line":446,"column":117}},{"start":{"line":446,"column":121},"end":{"line":446,"column":176}}],"line":446},"92":{"loc":{"start":{"line":454,"column":4},"end":{"line":456,"column":5}},"type":"if","locations":[{"start":{"line":454,"column":4},"end":{"line":456,"column":5}},{"start":{"line":454,"column":4},"end":{"line":456,"column":5}}],"line":454},"93":{"loc":{"start":{"line":454,"column":8},"end":{"line":454,"column":56}},"type":"binary-expr","locations":[{"start":{"line":454,"column":8},"end":{"line":454,"column":14}},{"start":{"line":454,"column":18},"end":{"line":454,"column":56}}],"line":454},"94":{"loc":{"start":{"line":458,"column":26},"end":{"line":458,"column":50}},"type":"binary-expr","locations":[{"start":{"line":458,"column":26},"end":{"line":458,"column":44}},{"start":{"line":458,"column":48},"end":{"line":458,"column":50}}],"line":458},"95":{"loc":{"start":{"line":459,"column":6},"end":{"line":461,"column":7}},"type":"if","locations":[{"start":{"line":459,"column":6},"end":{"line":461,"column":7}},{"start":{"line":459,"column":6},"end":{"line":461,"column":7}}],"line":459},"96":{"loc":{"start":{"line":459,"column":10},"end":{"line":459,"column":86}},"type":"binary-expr","locations":[{"start":{"line":459,"column":10},"end":{"line":459,"column":42}},{"start":{"line":459,"column":46},"end":{"line":459,"column":86}}],"line":459}},"s":{"0":1,"1":1,"2":1,"3":1,"4":1,"5":1,"6":1,"7":1,"8":1,"9":1,"10":1,"11":1,"12":36,"13":2,"14":34,"15":2,"16":1,"17":1,"18":32,"19":5,"20":27,"21":27,"22":2,"23":25,"24":25,"25":3,"26":8,"27":22,"28":22,"29":22,"30":1,"31":21,"32":1,"33":20,"34":30,"35":6,"36":6,"37":4,"38":12,"39":4,"40":4,"41":3,"42":3,"43":1,"44":2,"45":1,"46":1,"47":24,"48":26,"49":26,"50":3,"51":23,"52":0,"53":23,"54":0,"55":23,"56":27,"57":27,"58":20,"59":3,"60":1,"61":2,"62":3,"63":17,"64":7,"65":7,"66":1,"67":1,"68":0,"69":1,"70":6,"71":6,"72":1,"73":3,"74":3,"75":0,"76":3,"77":1,"78":5,"79":5,"80":99,"81":5,"82":1,"83":4,"84":1,"85":3,"86":5,"87":5,"88":1,"89":4,"90":2,"91":2,"92":1,"93":1,"94":1,"95":0,"96":1,"97":2,"98":2,"99":2,"100":1,"101":19,"102":19,"103":19,"104":6,"105":19,"106":19,"107":3,"108":19,"109":19,"110":3,"111":19,"112":19,"113":19,"114":4,"115":19,"116":19,"117":3,"118":19,"119":19,"120":19,"121":19,"122":19,"123":19,"124":2,"125":2,"126":2,"127":2,"128":2,"129":17,"130":2,"131":2,"132":15,"133":2,"134":2,"135":19,"136":19,"137":16,"138":3,"139":3,"140":2,"141":1,"142":57,"143":0,"144":0,"145":0,"146":57,"147":4,"148":53,"149":6,"150":3,"151":3,"152":57,"153":9,"154":9,"155":9,"156":3,"157":6,"158":12,"159":6,"160":6,"161":3,"162":3,"163":1,"164":2,"165":2,"166":3,"167":3,"168":2,"169":0,"170":2,"171":3,"172":3,"173":2,"174":0,"175":0,"176":0,"177":0,"178":0,"179":0,"180":0,"181":0,"182":0,"183":0,"184":0,"185":0,"186":0,"187":0,"188":0,"189":0,"190":0,"191":2,"192":0,"193":2,"194":6,"195":4,"196":6,"197":1},"f":{"0":1,"1":36,"2":8,"3":30,"4":12,"5":26,"6":27,"7":2,"8":3,"9":99,"10":5,"11":1,"12":2,"13":19,"14":19,"15":19,"16":57,"17":9,"18":3,"19":3,"20":0,"21":0,"22":0,"23":0,"24":0,"25":0,"26":2,"27":6},"b":{"0":[0,1],"1":[1,1],"2":[2,34],"3":[36,35],"4":[2,32],"5":[1,1],"6":[5,27],"7":[2,25],"8":[27,2],"9":[3,22],"10":[1,21],"11":[22,20],"12":[1,20],"13":[6,24],"14":[4,2],"15":[3,1],"16":[4,3],"17":[2,1],"18":[3,2],"19":[3,0],"20":[1,0],"21":[1,1],"22":[1,0],"23":[3,23],"24":[0,23],"25":[0,23],"26":[20,7],"27":[3,17],"28":[1,2],"29":[3,1],"30":[1,2],"31":[1,6],"32":[0,1],"33":[1,0],"34":[1,5],"35":[6,1],"36":[0,3],"37":[3,1],"38":[0,1],"39":[5,0],"40":[5,0],"41":[1,4],"42":[1,3],"43":[1,4],"44":[2,2],"45":[4,3,3],"46":[1,1],"47":[0,1],"48":[1,1],"49":[2,1],"50":[6,13],"51":[3,16],"52":[3,16],"53":[1,18],"54":[4,15],"55":[3,16],"56":[19,16],"57":[19,17],"58":[2,17],"59":[19,4],"60":[0,2],"61":[0,2],"62":[1,1],"63":[1,1],"64":[2,15],"65":[1,1],"66":[1,1],"67":[2,13],"68":[1,1],"69":[1,1],"70":[16,3],"71":[2,1],"72":[0,57],"73":[57,6],"74":[0,0],"75":[4,53],"76":[6,47],"77":[3,3],"78":[3,6],"79":[6,6],"80":[12,12],"81":[4,2],"82":[1,2],"83":[3,0],"84":[3,3],"85":[0,2],"86":[0,0],"87":[0,0],"88":[0,0],"89":[0,0],"90":[0,0],"91":[0,0,0,0,0],"92":[0,2],"93":[2,2],"94":[2,0],"95":[4,2],"96":[6,5]},"inputSourceMap":null,"_coverageSchema":"1a1c01bbd47fc00a2c39e90264f33305004495a9","hash":"1341f464644f46b925cc750f3b7d3c914d9cebe5"}
}
