TN:
SF:helpers/schema.js
FN:10,_interopRequireDefault
FN:61,(anonymous_1)
FN:89,(anonymous_2)
FN:106,(anonymous_3)
FN:111,(anonymous_4)
FN:132,(anonymous_5)
FN:150,(anonymous_6)
FN:157,(anonymous_7)
FN:181,(anonymous_8)
FN:194,(anonymous_9)
FN:207,(anonymous_10)
FN:225,(anonymous_11)
FN:232,(anonymous_12)
FN:244,(anonymous_13)
FN:284,(anonymous_14)
FN:308,(anonymous_15)
FN:322,(anonymous_16)
FN:351,(anonymous_17)
FN:374,(anonymous_18)
FN:395,(anonymous_19)
FN:405,(anonymous_20)
FN:410,(anonymous_21)
FN:428,(anonymous_22)
FN:436,(anonymous_23)
FN:445,(anonymous_24)
FN:446,(anonymous_25)
FN:453,(anonymous_26)
FN:458,(anonymous_27)
FNF:28
FNH:22
FNDA:1,_interopRequireDefault
FNDA:36,(anonymous_1)
FNDA:8,(anonymous_2)
FNDA:30,(anonymous_3)
FNDA:12,(anonymous_4)
FNDA:26,(anonymous_5)
FNDA:27,(anonymous_6)
FNDA:2,(anonymous_7)
FNDA:3,(anonymous_8)
FNDA:99,(anonymous_9)
FNDA:5,(anonymous_10)
FNDA:1,(anonymous_11)
FNDA:2,(anonymous_12)
FNDA:19,(anonymous_13)
FNDA:19,(anonymous_14)
FNDA:19,(anonymous_15)
FNDA:57,(anonymous_16)
FNDA:9,(anonymous_17)
FNDA:3,(anonymous_18)
FNDA:3,(anonymous_19)
FNDA:0,(anonymous_20)
FNDA:0,(anonymous_21)
FNDA:0,(anonymous_22)
FNDA:0,(anonymous_23)
FNDA:0,(anonymous_24)
FNDA:0,(anonymous_25)
FNDA:2,(anonymous_26)
FNDA:6,(anonymous_27)
DA:3,1
DA:6,1
DA:8,1
DA:10,1
DA:12,1
DA:22,1
DA:25,1
DA:26,1
DA:56,1
DA:57,1
DA:58,1
DA:59,1
DA:62,36
DA:63,2
DA:66,34
DA:67,2
DA:68,1
DA:70,1
DA:75,32
DA:76,5
DA:80,27
DA:82,27
DA:83,2
DA:86,25
DA:88,25
DA:89,8
DA:92,22
DA:93,22
DA:95,22
DA:96,1
DA:99,21
DA:100,1
DA:103,20
DA:107,30
DA:108,6
DA:110,6
DA:111,12
DA:112,4
DA:114,4
DA:115,3
DA:116,3
DA:119,1
DA:122,2
DA:123,1
DA:126,1
DA:129,24
DA:133,26
DA:135,26
DA:136,3
DA:139,23
DA:140,0
DA:143,23
DA:144,0
DA:147,23
DA:151,27
DA:153,27
DA:154,20
DA:156,3
DA:157,2
DA:160,3
DA:163,17
DA:166,7
DA:168,7
DA:169,1
DA:171,1
DA:172,0
DA:175,1
DA:178,6
DA:180,6
DA:181,1
DA:182,3
DA:184,3
DA:185,0
DA:188,3
DA:190,1
DA:193,5
DA:194,99
DA:196,5
DA:197,1
DA:200,4
DA:201,1
DA:204,3
DA:208,5
DA:210,5
DA:211,1
DA:214,4
DA:215,2
DA:218,2
DA:219,1
DA:222,1
DA:226,1
DA:227,0
DA:230,1
DA:233,2
DA:234,2
DA:235,2
DA:241,1
DA:245,19
DA:247,19
DA:249,19
DA:250,6
DA:253,19
DA:255,19
DA:256,3
DA:260,19
DA:262,19
DA:263,3
DA:267,19
DA:268,19
DA:270,19
DA:271,4
DA:275,19
DA:277,19
DA:278,3
DA:281,19
DA:285,19
DA:286,19
DA:287,19
DA:288,19
DA:291,19
DA:292,2
DA:293,2
DA:294,2
DA:295,2
DA:296,2
DA:297,17
DA:298,2
DA:299,2
DA:300,15
DA:301,2
DA:302,2
DA:305,19
DA:309,19
DA:310,16
DA:313,3
DA:315,3
DA:316,2
DA:319,1
DA:325,57
DA:326,0
DA:327,0
DA:329,0
DA:331,57
DA:332,4
DA:333,53
DA:334,6
DA:335,3
DA:337,3
DA:341,57
DA:352,9
DA:353,9
DA:355,9
DA:356,3
DA:359,6
DA:360,12
DA:361,6
DA:365,6
DA:375,3
DA:377,3
DA:378,1
DA:381,2
DA:383,2
DA:384,3
DA:385,3
DA:389,2
DA:390,0
DA:393,2
DA:396,3
DA:397,3
DA:402,2
DA:406,0
DA:407,0
DA:411,0
DA:412,0
DA:413,0
DA:421,0
DA:422,0
DA:425,0
DA:426,0
DA:428,0
DA:434,0
DA:437,0
DA:438,0
DA:446,0
DA:447,0
DA:450,0
DA:454,2
DA:455,0
DA:458,2
DA:459,6
DA:460,4
DA:463,6
DA:469,1
LF:193
LH:167
BRDA:10,0,0,0
BRDA:10,0,1,1
BRDA:10,1,0,1
BRDA:10,1,1,1
BRDA:62,2,0,2
BRDA:62,2,1,34
BRDA:62,3,0,36
BRDA:62,3,1,35
BRDA:66,4,0,2
BRDA:66,4,1,32
BRDA:67,5,0,1
BRDA:67,5,1,1
BRDA:75,6,0,5
BRDA:75,6,1,27
BRDA:82,7,0,2
BRDA:82,7,1,25
BRDA:82,8,0,27
BRDA:82,8,1,2
BRDA:88,9,0,3
BRDA:88,9,1,22
BRDA:95,10,0,1
BRDA:95,10,1,21
BRDA:95,11,0,22
BRDA:95,11,1,20
BRDA:99,12,0,1
BRDA:99,12,1,20
BRDA:107,13,0,6
BRDA:107,13,1,24
BRDA:110,14,0,4
BRDA:110,14,1,2
BRDA:114,15,0,3
BRDA:114,15,1,1
BRDA:114,16,0,4
BRDA:114,16,1,3
BRDA:115,17,0,2
BRDA:115,17,1,1
BRDA:115,18,0,3
BRDA:115,18,1,2
BRDA:116,19,0,3
BRDA:116,19,1,0
BRDA:119,20,0,1
BRDA:119,20,1,0
BRDA:122,21,0,1
BRDA:122,21,1,1
BRDA:126,22,0,1
BRDA:126,22,1,0
BRDA:135,23,0,3
BRDA:135,23,1,23
BRDA:139,24,0,0
BRDA:139,24,1,23
BRDA:143,25,0,0
BRDA:143,25,1,23
BRDA:153,26,0,20
BRDA:153,26,1,7
BRDA:154,27,0,3
BRDA:154,27,1,17
BRDA:156,28,0,1
BRDA:156,28,1,2
BRDA:156,29,0,3
BRDA:156,29,1,1
BRDA:160,30,0,1
BRDA:160,30,1,2
BRDA:168,31,0,1
BRDA:168,31,1,6
BRDA:171,32,0,0
BRDA:171,32,1,1
BRDA:171,33,0,1
BRDA:171,33,1,0
BRDA:180,34,0,1
BRDA:180,34,1,5
BRDA:180,35,0,6
BRDA:180,35,1,1
BRDA:184,36,0,0
BRDA:184,36,1,3
BRDA:184,37,0,3
BRDA:184,37,1,1
BRDA:190,38,0,0
BRDA:190,38,1,1
BRDA:193,39,0,5
BRDA:193,39,1,0
BRDA:193,40,0,5
BRDA:193,40,1,0
BRDA:196,41,0,1
BRDA:196,41,1,4
BRDA:200,42,0,1
BRDA:200,42,1,3
BRDA:210,43,0,1
BRDA:210,43,1,4
BRDA:214,44,0,2
BRDA:214,44,1,2
BRDA:214,45,0,4
BRDA:214,45,1,3
BRDA:214,45,2,3
BRDA:218,46,0,1
BRDA:218,46,1,1
BRDA:226,47,0,0
BRDA:226,47,1,1
BRDA:226,48,0,1
BRDA:226,48,1,1
BRDA:234,49,0,2
BRDA:234,49,1,1
BRDA:249,50,0,6
BRDA:249,50,1,13
BRDA:255,51,0,3
BRDA:255,51,1,16
BRDA:262,52,0,3
BRDA:262,52,1,16
BRDA:268,53,0,1
BRDA:268,53,1,18
BRDA:270,54,0,4
BRDA:270,54,1,15
BRDA:277,55,0,3
BRDA:277,55,1,16
BRDA:286,56,0,19
BRDA:286,56,1,16
BRDA:288,57,0,19
BRDA:288,57,1,17
BRDA:291,58,0,2
BRDA:291,58,1,17
BRDA:291,59,0,19
BRDA:291,59,1,4
BRDA:292,60,0,0
BRDA:292,60,1,2
BRDA:293,61,0,0
BRDA:293,61,1,2
BRDA:295,62,0,1
BRDA:295,62,1,1
BRDA:296,63,0,1
BRDA:296,63,1,1
BRDA:297,64,0,2
BRDA:297,64,1,15
BRDA:298,65,0,1
BRDA:298,65,1,1
BRDA:299,66,0,1
BRDA:299,66,1,1
BRDA:300,67,0,2
BRDA:300,67,1,13
BRDA:301,68,0,1
BRDA:301,68,1,1
BRDA:302,69,0,1
BRDA:302,69,1,1
BRDA:309,70,0,16
BRDA:309,70,1,3
BRDA:315,71,0,2
BRDA:315,71,1,1
BRDA:325,72,0,0
BRDA:325,72,1,57
BRDA:325,73,0,57
BRDA:325,73,1,6
BRDA:326,74,0,0
BRDA:326,74,1,0
BRDA:331,75,0,4
BRDA:331,75,1,53
BRDA:333,76,0,6
BRDA:333,76,1,47
BRDA:334,77,0,3
BRDA:334,77,1,3
BRDA:355,78,0,3
BRDA:355,78,1,6
BRDA:360,79,0,6
BRDA:360,79,1,6
BRDA:360,80,0,12
BRDA:360,80,1,12
BRDA:365,81,0,4
BRDA:365,81,1,2
BRDA:377,82,0,1
BRDA:377,82,1,2
BRDA:384,83,0,3
BRDA:384,83,1,0
BRDA:384,84,0,3
BRDA:384,84,1,3
BRDA:389,85,0,0
BRDA:389,85,1,2
BRDA:411,86,0,0
BRDA:411,86,1,0
BRDA:412,87,0,0
BRDA:412,87,1,0
BRDA:421,88,0,0
BRDA:421,88,1,0
BRDA:425,89,0,0
BRDA:425,89,1,0
BRDA:446,90,0,0
BRDA:446,90,1,0
BRDA:446,91,0,0
BRDA:446,91,1,0
BRDA:446,91,2,0
BRDA:446,91,3,0
BRDA:446,91,4,0
BRDA:454,92,0,0
BRDA:454,92,1,2
BRDA:454,93,0,2
BRDA:454,93,1,2
BRDA:458,94,0,2
BRDA:458,94,1,0
BRDA:459,95,0,4
BRDA:459,95,1,2
BRDA:459,96,0,6
BRDA:459,96,1,5
BRF:198
BRH:161
end_of_record
